CRITICAL - 2023-09-14 01:47:38 --> Undefined variable $ee
in APPPATH\Views\main.php on line 89.
 1 APPPATH\Views\main.php(89): CodeIgniter\Debug\Exceptions->errorHandler(2, 'Undefined variable $ee', 'C:\\laragon\\www\\3f2\\app\\Views\\main.php', 89)
 2 SYSTEMPATH\View\View.php(226): include('C:\\laragon\\www\\3f2\\app\\Views\\main.php')
 3 SYSTEMPATH\View\View.php(229): CodeIgniter\View\View->CodeIgniter\View\{closure}()
 4 SYSTEMPATH\Common.php(1188): CodeIgniter\View\View->render('main', [], true)
 5 APPPATH\Controllers\MainController.php(39): view('main', [...])
 6 SYSTEMPATH\CodeIgniter.php(919): App\Controllers\MainController->test()
 7 SYSTEMPATH\CodeIgniter.php(494): CodeIgniter\CodeIgniter->runController(Object(App\Controllers\MainController))
 8 SYSTEMPATH\CodeIgniter.php(353): CodeIgniter\CodeIgniter->handleRequest(null, Object(Config\Cache), false)
 9 FCPATH\index.php(79): CodeIgniter\CodeIgniter->run()
10 SYSTEMPATH\Commands\Server\rewrite.php(47): require_once('C:\\laragon\\www\\3f2\\public\\index.php')
CRITICAL - 2023-09-14 02:02:13 --> Undefined variable $Id
in APPPATH\Controllers\MainController.php on line 32.
 1 APPPATH\Controllers\MainController.php(32): CodeIgniter\Debug\Exceptions->errorHandler(2, 'Undefined variable $Id', 'C:\\laragon\\www\\3f2\\app\\Controllers\\MainController.php', 32)
 2 SYSTEMPATH\CodeIgniter.php(919): App\Controllers\MainController->update('1')
 3 SYSTEMPATH\CodeIgniter.php(494): CodeIgniter\CodeIgniter->runController(Object(App\Controllers\MainController))
 4 SYSTEMPATH\CodeIgniter.php(353): CodeIgniter\CodeIgniter->handleRequest(null, Object(Config\Cache), false)
 5 FCPATH\index.php(79): CodeIgniter\CodeIgniter->run()
 6 SYSTEMPATH\Commands\Server\rewrite.php(47): require_once('C:\\laragon\\www\\3f2\\public\\index.php')
CRITICAL - 2023-09-14 02:23:37 --> Undefined variable $main_records
in APPPATH\Views\main.php on line 108.
 1 APPPATH\Views\main.php(108): CodeIgniter\Debug\Exceptions->errorHandler(2, 'Undefined variable $main_records', 'C:\\laragon\\www\\3f2\\app\\Views\\main.php', 108)
 2 SYSTEMPATH\View\View.php(226): include('C:\\laragon\\www\\3f2\\app\\Views\\main.php')
 3 SYSTEMPATH\View\View.php(229): CodeIgniter\View\View->CodeIgniter\View\{closure}()
 4 SYSTEMPATH\Common.php(1188): CodeIgniter\View\View->render('main', [], true)
 5 APPPATH\Controllers\MainController.php(21): view('main', [...])
 6 SYSTEMPATH\CodeIgniter.php(919): App\Controllers\MainController->update('3')
 7 SYSTEMPATH\CodeIgniter.php(494): CodeIgniter\CodeIgniter->runController(Object(App\Controllers\MainController))
 8 SYSTEMPATH\CodeIgniter.php(353): CodeIgniter\CodeIgniter->handleRequest(null, Object(Config\Cache), false)
 9 FCPATH\index.php(79): CodeIgniter\CodeIgniter->run()
10 SYSTEMPATH\Commands\Server\rewrite.php(47): require_once('C:\\laragon\\www\\3f2\\public\\index.php')
CRITICAL - 2023-09-14 02:24:57 --> Undefined array key "student_id"
in APPPATH\Views\main.php on line 110.
 1 APPPATH\Views\main.php(110): CodeIgniter\Debug\Exceptions->errorHandler(2, 'Undefined array key "student_id"', 'C:\\laragon\\www\\3f2\\app\\Views\\main.php', 110)
 2 SYSTEMPATH\View\View.php(226): include('C:\\laragon\\www\\3f2\\app\\Views\\main.php')
 3 SYSTEMPATH\View\View.php(229): CodeIgniter\View\View->CodeIgniter\View\{closure}()
 4 SYSTEMPATH\Common.php(1188): CodeIgniter\View\View->render('main', [], true)
 5 APPPATH\Controllers\MainController.php(21): view('main', [...])
 6 SYSTEMPATH\CodeIgniter.php(919): App\Controllers\MainController->update('3')
 7 SYSTEMPATH\CodeIgniter.php(494): CodeIgniter\CodeIgniter->runController(Object(App\Controllers\MainController))
 8 SYSTEMPATH\CodeIgniter.php(353): CodeIgniter\CodeIgniter->handleRequest(null, Object(Config\Cache), false)
 9 FCPATH\index.php(79): CodeIgniter\CodeIgniter->run()
10 SYSTEMPATH\Commands\Server\rewrite.php(47): require_once('C:\\laragon\\www\\3f2\\public\\index.php')
CRITICAL - 2023-09-14 03:04:12 --> Undefined variable $main
in APPPATH\Views\main.php on line 109.
 1 APPPATH\Views\main.php(109): CodeIgniter\Debug\Exceptions->errorHandler(2, 'Undefined variable $main', 'C:\\laragon\\www\\3f2\\app\\Views\\main.php', 109)
 2 SYSTEMPATH\View\View.php(226): include('C:\\laragon\\www\\3f2\\app\\Views\\main.php')
 3 SYSTEMPATH\View\View.php(229): CodeIgniter\View\View->CodeIgniter\View\{closure}()
 4 SYSTEMPATH\Common.php(1188): CodeIgniter\View\View->render('main', [], true)
 5 APPPATH\Controllers\MainController.php(42): view('main', [...])
 6 SYSTEMPATH\CodeIgniter.php(919): App\Controllers\MainController->update('17')
 7 SYSTEMPATH\CodeIgniter.php(494): CodeIgniter\CodeIgniter->runController(Object(App\Controllers\MainController))
 8 SYSTEMPATH\CodeIgniter.php(353): CodeIgniter\CodeIgniter->handleRequest(null, Object(Config\Cache), false)
 9 FCPATH\index.php(79): CodeIgniter\CodeIgniter->run()
10 SYSTEMPATH\Commands\Server\rewrite.php(47): require_once('C:\\laragon\\www\\3f2\\public\\index.php')
CRITICAL - 2023-09-14 03:05:53 --> Undefined variable $recordToUpdate
in APPPATH\Controllers\MainController.php on line 38.
 1 APPPATH\Controllers\MainController.php(38): CodeIgniter\Debug\Exceptions->errorHandler(2, 'Undefined variable $recordToUpdate', 'C:\\laragon\\www\\3f2\\app\\Controllers\\MainController.php', 38)
 2 SYSTEMPATH\CodeIgniter.php(919): App\Controllers\MainController->update('17')
 3 SYSTEMPATH\CodeIgniter.php(494): CodeIgniter\CodeIgniter->runController(Object(App\Controllers\MainController))
 4 SYSTEMPATH\CodeIgniter.php(353): CodeIgniter\CodeIgniter->handleRequest(null, Object(Config\Cache), false)
 5 FCPATH\index.php(79): CodeIgniter\CodeIgniter->run()
 6 SYSTEMPATH\Commands\Server\rewrite.php(47): require_once('C:\\laragon\\www\\3f2\\public\\index.php')
CRITICAL - 2023-09-14 03:05:54 --> Undefined variable $recordToUpdate
in APPPATH\Controllers\MainController.php on line 38.
 1 APPPATH\Controllers\MainController.php(38): CodeIgniter\Debug\Exceptions->errorHandler(2, 'Undefined variable $recordToUpdate', 'C:\\laragon\\www\\3f2\\app\\Controllers\\MainController.php', 38)
 2 SYSTEMPATH\CodeIgniter.php(919): App\Controllers\MainController->update('17')
 3 SYSTEMPATH\CodeIgniter.php(494): CodeIgniter\CodeIgniter->runController(Object(App\Controllers\MainController))
 4 SYSTEMPATH\CodeIgniter.php(353): CodeIgniter\CodeIgniter->handleRequest(null, Object(Config\Cache), false)
 5 FCPATH\index.php(79): CodeIgniter\CodeIgniter->run()
 6 SYSTEMPATH\Commands\Server\rewrite.php(47): require_once('C:\\laragon\\www\\3f2\\public\\index.php')
CRITICAL - 2023-09-14 03:35:01 --> Object of class App\Models\MainModel could not be converted to string
in SYSTEMPATH\Database\Query.php on line 333.
 1 SYSTEMPATH\Database\Query.php(333): strtr('SELECT *
FROM `students`
WHERE `Id` = :Id:
 LIMIT 1', [...])
 2 SYSTEMPATH\Database\Query.php(308): CodeIgniter\Database\Query->matchNamedBinds('SELECT *
FROM `students`
WHERE `Id` = :Id:
 LIMIT 1', [...])
 3 SYSTEMPATH\Database\Query.php(159): CodeIgniter\Database\Query->compileBinds()
 4 SYSTEMPATH\Database\BaseConnection.php(606): CodeIgniter\Database\Query->getQuery()
 5 SYSTEMPATH\Database\BaseBuilder.php(1615): CodeIgniter\Database\BaseConnection->query('SELECT *
FROM `students`
WHERE `Id` = :Id:
 LIMIT 1', [...], false)
 6 SYSTEMPATH\Model.php(264): CodeIgniter\Database\BaseBuilder->get()
 7 SYSTEMPATH\BaseModel.php(662): CodeIgniter\Model->doFirst()
 8 APPPATH\Controllers\MainController.php(18): CodeIgniter\BaseModel->first()
 9 SYSTEMPATH\CodeIgniter.php(919): App\Controllers\MainController->update('17')
10 SYSTEMPATH\CodeIgniter.php(494): CodeIgniter\CodeIgniter->runController(Object(App\Controllers\MainController))
11 SYSTEMPATH\CodeIgniter.php(353): CodeIgniter\CodeIgniter->handleRequest(null, Object(Config\Cache), false)
12 FCPATH\index.php(79): CodeIgniter\CodeIgniter->run()
13 SYSTEMPATH\Commands\Server\rewrite.php(47): require_once('C:\\laragon\\www\\3f2\\public\\index.php')
CRITICAL - 2023-09-14 11:01:57 --> Undefined variable $row
in APPPATH\Views\main.php on line 133.
 1 APPPATH\Views\main.php(133): CodeIgniter\Debug\Exceptions->errorHandler(2, 'Undefined variable $row', 'C:\\laragon\\www\\3f2\\app\\Views\\main.php', 133)
 2 SYSTEMPATH\View\View.php(226): include('C:\\laragon\\www\\3f2\\app\\Views\\main.php')
 3 SYSTEMPATH\View\View.php(229): CodeIgniter\View\View->CodeIgniter\View\{closure}()
 4 SYSTEMPATH\Common.php(1188): CodeIgniter\View\View->render('main', [], true)
 5 APPPATH\Controllers\MainController.php(91): view('main', [...])
 6 SYSTEMPATH\CodeIgniter.php(919): App\Controllers\MainController->test()
 7 SYSTEMPATH\CodeIgniter.php(494): CodeIgniter\CodeIgniter->runController(Object(App\Controllers\MainController))
 8 SYSTEMPATH\CodeIgniter.php(353): CodeIgniter\CodeIgniter->handleRequest(null, Object(Config\Cache), false)
 9 FCPATH\index.php(79): CodeIgniter\CodeIgniter->run()
10 SYSTEMPATH\Commands\Server\rewrite.php(47): require_once('C:\\laragon\\www\\3f2\\public\\index.php')
CRITICAL - 2023-09-14 11:02:16 --> Undefined variable $row
in APPPATH\Views\main.php on line 133.
 1 APPPATH\Views\main.php(133): CodeIgniter\Debug\Exceptions->errorHandler(2, 'Undefined variable $row', 'C:\\laragon\\www\\3f2\\app\\Views\\main.php', 133)
 2 SYSTEMPATH\View\View.php(226): include('C:\\laragon\\www\\3f2\\app\\Views\\main.php')
 3 SYSTEMPATH\View\View.php(229): CodeIgniter\View\View->CodeIgniter\View\{closure}()
 4 SYSTEMPATH\Common.php(1188): CodeIgniter\View\View->render('main', [], true)
 5 APPPATH\Controllers\MainController.php(91): view('main', [...])
 6 SYSTEMPATH\CodeIgniter.php(919): App\Controllers\MainController->test()
 7 SYSTEMPATH\CodeIgniter.php(494): CodeIgniter\CodeIgniter->runController(Object(App\Controllers\MainController))
 8 SYSTEMPATH\CodeIgniter.php(353): CodeIgniter\CodeIgniter->handleRequest(null, Object(Config\Cache), false)
 9 FCPATH\index.php(79): CodeIgniter\CodeIgniter->run()
10 SYSTEMPATH\Commands\Server\rewrite.php(47): require_once('C:\\laragon\\www\\3f2\\public\\index.php')
CRITICAL - 2023-09-14 11:02:18 --> Undefined variable $row
in APPPATH\Views\main.php on line 133.
 1 APPPATH\Views\main.php(133): CodeIgniter\Debug\Exceptions->errorHandler(2, 'Undefined variable $row', 'C:\\laragon\\www\\3f2\\app\\Views\\main.php', 133)
 2 SYSTEMPATH\View\View.php(226): include('C:\\laragon\\www\\3f2\\app\\Views\\main.php')
 3 SYSTEMPATH\View\View.php(229): CodeIgniter\View\View->CodeIgniter\View\{closure}()
 4 SYSTEMPATH\Common.php(1188): CodeIgniter\View\View->render('main', [], true)
 5 APPPATH\Controllers\MainController.php(91): view('main', [...])
 6 SYSTEMPATH\CodeIgniter.php(919): App\Controllers\MainController->test()
 7 SYSTEMPATH\CodeIgniter.php(494): CodeIgniter\CodeIgniter->runController(Object(App\Controllers\MainController))
 8 SYSTEMPATH\CodeIgniter.php(353): CodeIgniter\CodeIgniter->handleRequest(null, Object(Config\Cache), false)
 9 FCPATH\index.php(79): CodeIgniter\CodeIgniter->run()
10 SYSTEMPATH\Commands\Server\rewrite.php(47): require_once('C:\\laragon\\www\\3f2\\public\\index.php')
